<?xml version="1.0" encoding="UTF-8"?>
<testsuite xmlns:xsi="http://www.w3.org/2001/XMLSchema-instance" xsi:noNamespaceSchemaLocation="https://maven.apache.org/surefire/maven-surefire-plugin/xsd/surefire-test-report-3.0.xsd" version="3.0" name="cucumber.Options.TestRunner" time="11.43" tests="2" errors="0" skipped="0" failures="0">
  <properties>
[...]
</properties>
  <testcase name="Verify if place is being successfully added using AddPlaceAPI" classname="Validating Place API&apos;s" time="7.834">
    <system-out><![CDATA[maps/api/place/add/json
{"status":"OK","place_id":"b23ae64c07ff5f6abb64e5bc1bac6d19","scope":"APP","reference":"dc501369391df330d3561df9fe21b47cdc501369391df330d3561df9fe21b47c","id":"dc501369391df330d3561df9fe21b47c"}
maps/api/place/get/json
{"location":{"latitude":"-38.383494","longitude":"33.427362"},"accuracy":"50","name":"AAhouse","phone_number":"(+91) 983 893 3937","address":"World cross center","types":"","website":"http:\/\/google.com","language":"English"}
]]></system-out>
  </testcase>
  <testcase name="Verify if delete place functionality is working" classname="Validating Place API&apos;s" time="2.02">
    <system-out><![CDATA[maps/api/place/delete/json
{"status":"OK"}
]]></system-out>
  </testcase>
</testsuite>