-------------------------------------------------------------------------------
Test set: Validating Place API's
-------------------------------------------------------------------------------
Tests run: 2, Failures: 0, Errors: 2, Skipped: 0, Time elapsed: 0.305 s <<< FAILURE! -- in Validating Place API's
Validating Place API's.Verify if place is being successfully added using AddPlaceAPI -- Time elapsed: 0.099 s <<< ERROR!
io.cucumber.junit.UndefinedStepException: 
The step 'Add place payload "AAhouse" "English" "World cross center"' and 5 other step(s) are undefined.
You can implement these steps using the snippet(s) below:

@Given("Add place payload {string} {string} {string}")
public void add_place_payload(String string, String string2, String string3) {
    // Write code here that turns the phrase above into concrete actions
    throw new io.cucumber.java.PendingException();
}
@When("user calls {string} with {string} http request")
public void user_calls_with_http_request(String string, String string2) {
    // Write code here that turns the phrase above into concrete actions
    throw new io.cucumber.java.PendingException();
}
@Then("the API call is successful with status code {int}")
public void the_api_call_is_successful_with_status_code(Integer int1) {
    // Write code here that turns the phrase above into concrete actions
    throw new io.cucumber.java.PendingException();
}
@Then("{string} in response body is {string}")
public void in_response_body_is(String string, String string2) {
    // Write code here that turns the phrase above into concrete actions
    throw new io.cucumber.java.PendingException();
}
@Then("Verify place_Id created maps to  {string} using {string}")
public void verify_place_id_created_maps_to_using(String string, String string2) {
    // Write code here that turns the phrase above into concrete actions
    throw new io.cucumber.java.PendingException();
}


Validating Place API's.Verify if delete place functionality is working -- Time elapsed: 0.002 s <<< ERROR!
io.cucumber.junit.UndefinedStepException: 
The step 'DeletePlace Palyload' and 3 other step(s) are undefined.
You can implement these steps using the snippet(s) below:

@Given("DeletePlace Palyload")
public void delete_place_palyload() {
    // Write code here that turns the phrase above into concrete actions
    throw new io.cucumber.java.PendingException();
}
@When("user calls {string} with {string} http request")
public void user_calls_with_http_request(String string, String string2) {
    // Write code here that turns the phrase above into concrete actions
    throw new io.cucumber.java.PendingException();
}
@Then("the API call is successful with status code {int}")
public void the_api_call_is_successful_with_status_code(Integer int1) {
    // Write code here that turns the phrase above into concrete actions
    throw new io.cucumber.java.PendingException();
}
@Then("{string} in response body is {string}")
public void in_response_body_is(String string, String string2) {
    // Write code here that turns the phrase above into concrete actions
    throw new io.cucumber.java.PendingException();
}


